4 : Var y : real;
    ^ Expected SEMICOL.
7 : var t : array[1..10 of real;
                        ^ Expected RBRACKET.
8 : var i  integer;
           ^ Expected COLON.
12 :         while (i < 4 do
                          ^ Expected RPAREN.
14 :         ftest := t[1;
                         ^ Expected RBRACKET.
17 : procedure ptest(z w real);
                       ^ Expected COLON.
18 : var r real;
           ^ Expected COLON.
25 :     y := 2.0*(3.14!$);
                       ^ Invalid Character.
                        ^ Invalid Character.
27 :     begin
         ^ Expected THEN.
38 :     begin
         ^ Expected DO.
39 :        y := ftest (x;
                         ^ Expected RPAREN.
41 :     end
         ^ Expected NUMBER.
42 : .
     ^ Expected END.
Number of errors: 14.
